<?xml version="1.0" encoding="UTF-8" ?>
<testsuite errors="0" failures="0" hostname="IND-MHP1LW72004" name="VerifyRanorexApp" skipped="0" tests="2" time="15.478" timestamp="2016-03-25T17:10:07">
  <properties>
    <property name="file.encoding.pkg" value="sun.io" />
    <property name="org.osgi.framework.executionenvironment" value="OSGi/Minimum-1.0,OSGi/Minimum-1.1,OSGi/Minimum-1.2,JavaSE/compact1-1.8,JavaSE/compact2-1.8,JavaSE/compact3-1.8,JRE-1.1,J2SE-1.2,J2SE-1.3,J2SE-1.4,J2SE-1.5,JavaSE-1.6,JavaSE-1.7,JavaSE-1.8" />
    <property name="ant.file.JunitAntDemo" value="D:\GitHub\happy\JunitAntDemo\build.xml" />
    <property name="osgi.framework" value="file:/d:/eclipse/plugins/org.eclipse.osgi_3.10.0.v20140606-1445.jar" />
    <property name="java.home" value="C:\Program Files (x86)\Java\jdk1.8.0_60\jre" />
    <property name="eclipse.application" value="org.eclipse.ui.ide.workbench" />
    <property name="env.PROCESSOR_ARCHITEW6432" value="AMD64" />
    <property name="org.eclipse.debug.ui.breakpoints.toggleFactoriesUsed" value="false" />
    <property name="env._classload_hook" value="jvmhook" />
    <property name="java.endorsed.dirs" value="C:\Program Files (x86)\Java\jdk1.8.0_60\jre\lib\endorsed" />
    <property name="env.USERNAME" value="Sachin13409" />
    <property name="debuglevel" value="source,lines,vars" />
    <property name="ECLIPSE_HOME" value="../../../eclipse/" />
    <property name="sun.os.patch.level" value="Service Pack 1" />
    <property name="java.vendor.url" value="http://java.oracle.com/" />
    <property name="env.COMPUTERNAME" value="IND-MHP1LW72004" />
    <property name="env.ProgramFiles(x86)" value="C:\Program Files (x86)" />
    <property name="java.version" value="1.8.0_60" />
    <property name="eclipse.pdebuild.home" value="/D:/eclipse/plugins/org.eclipse.pde.build_3.9.0.v20140415-2029/./" />
    <property name="osgi.requiredJavaVersion" value="1.6" />
    <property name="env.ST_INSTALL_PATH" value="C:\Program Files (x86)\HP\Unified Functional Testing\" />
    <property name="osgi.os" value="win32" />
    <property name="osgi.compatibility.bootdelegation" value="true" />
    <property name="org.eclipse.equinox.simpleconfigurator.configUrl" value="file:org.eclipse.equinox.simpleconfigurator/bundles.info" />
    <property name="org.osgi.framework.uuid" value="40b45b84-abf2-0015-151f-828897985603" />
    <property name="osgi.splashPath" value="platform:/base/plugins/org.eclipse.platform" />
    <property name="java.vendor.url.bug" value="http://bugreport.sun.com/bugreport/" />
    <property name="env.USERPROFILE" value="C:\Users\Sachin13409" />
    <property name="ant.project.invoked-targets" value="clean,build,VerifyRanorexApp" />
    <property name="env.SystemRoot" value="C:\Windows" />
    <property name="user.name" value="Sachin13409" />
    <property name="org.osgi.framework.version" value="1.8.0" />
    <property name="sun.io.unicode.encoding" value="UnicodeLittle" />
    <property name="org.osgi.framework.system.packages" value="javax.accessibility,javax.activation,javax.activity,javax.annotation,javax.annotation.processing,javax.crypto,javax.crypto.interfaces,javax.crypto.spec,javax.imageio,javax.imageio.event,javax.imageio.metadata,javax.imageio.plugins.bmp,javax.imageio.plugins.jpeg,javax.imageio.spi,javax.imageio.stream,javax.jws,javax.jws.soap,javax.lang.model,javax.lang.model.element,javax.lang.model.type,javax.lang.model.util,javax.management,javax.management.loading,javax.management.modelmbean,javax.management.monitor,javax.management.openmbean,javax.management.relation,javax.management.remote,javax.management.remote.rmi,javax.management.timer,javax.naming,javax.naming.directory,javax.naming.event,javax.naming.ldap,javax.naming.spi,javax.net,javax.net.ssl,javax.print,javax.print.attribute,javax.print.attribute.standard,javax.print.event,javax.rmi,javax.rmi.CORBA,javax.rmi.ssl,javax.script,javax.security.auth,javax.security.auth.callback,javax.security.auth.kerberos,javax.security.auth.login,javax.security.auth.spi,javax.security.auth.x500,javax.security.cert,javax.security.sasl,javax.sound.midi,javax.sound.midi.spi,javax.sound.sampled,javax.sound.sampled.spi,javax.sql,javax.sql.rowset,javax.sql.rowset.serial,javax.sql.rowset.spi,javax.swing,javax.swing.border,javax.swing.colorchooser,javax.swing.event,javax.swing.filechooser,javax.swing.plaf,javax.swing.plaf.basic,javax.swing.plaf.metal,javax.swing.plaf.multi,javax.swing.plaf.nimbus,javax.swing.plaf.synth,javax.swing.table,javax.swing.text,javax.swing.text.html,javax.swing.text.html.parser,javax.swing.text.rtf,javax.swing.tree,javax.swing.undo,javax.tools,javax.transaction,javax.transaction.xa,javax.xml,javax.xml.bind,javax.xml.bind.annotation,javax.xml.bind.annotation.adapters,javax.xml.bind.attachment,javax.xml.bind.helpers,javax.xml.bind.util,javax.xml.crypto,javax.xml.crypto.dom,javax.xml.crypto.dsig,javax.xml.crypto.dsig.dom,javax.xml.crypto.dsig.keyinfo,javax.xml.crypto.dsig.spec,javax.xml.datatype,javax.xml.namespace,javax.xml.parsers,javax.xml.soap,javax.xml.stream,javax.xml.stream.events,javax.xml.stream.util,javax.xml.transform,javax.xml.transform.dom,javax.xml.transform.sax,javax.xml.transform.stax,javax.xml.transform.stream,javax.xml.validation,javax.xml.ws,javax.xml.ws.handler,javax.xml.ws.handler.soap,javax.xml.ws.http,javax.xml.ws.soap,javax.xml.ws.spi,javax.xml.ws.spi.http,javax.xml.ws.wsaddressing,javax.xml.xpath,org.ietf.jgss,org.omg.CORBA,org.omg.CORBA_2_3,org.omg.CORBA_2_3.portable,org.omg.CORBA.DynAnyPackage,org.omg.CORBA.ORBPackage,org.omg.CORBA.portable,org.omg.CORBA.TypeCodePackage,org.omg.CosNaming,org.omg.CosNaming.NamingContextExtPackage,org.omg.CosNaming.NamingContextPackage,org.omg.Dynamic,org.omg.DynamicAny,org.omg.DynamicAny.DynAnyFactoryPackage,org.omg.DynamicAny.DynAnyPackage,org.omg.IOP,org.omg.IOP.CodecFactoryPackage,org.omg.IOP.CodecPackage,org.omg.Messaging,org.omg.PortableInterceptor,org.omg.PortableInterceptor.ORBInitInfoPackage,org.omg.PortableServer,org.omg.PortableServer.CurrentPackage,org.omg.PortableServer.POAManagerPackage,org.omg.PortableServer.POAPackage,org.omg.PortableServer.portable,org.omg.PortableServer.ServantLocatorPackage,org.omg.SendingContext,org.omg.stub.java.rmi,org.w3c.dom,org.w3c.dom.bootstrap,org.w3c.dom.css,org.w3c.dom.events,org.w3c.dom.html,org.w3c.dom.ls,org.w3c.dom.ranges,org.w3c.dom.stylesheets,org.w3c.dom.traversal,org.w3c.dom.views,org.w3c.dom.xpath,org.xml.sax,org.xml.sax.ext,org.xml.sax.helpers" />
    <property name="sun.jnu.encoding" value="Cp1252" />
    <property name="java.runtime.name" value="Java(TM) SE Runtime Environment" />
    <property name="env.LOCALAPPDATA" value="C:\Users\Sachin13409\AppData\Local" />
    <property name="env.JAVA_TOOL_OPTIONS" value="-agentlib:jvmhook" />
    <property name="applicationXMI" value="org.eclipse.ui.workbench/LegacyIDE.e4xmi" />
    <property name="osgi.instance.area.default" value="file:/C:/Users/Sachin13409/workspace/" />
    <property name="eclipse.launcher.name" value="Eclipse" />
    <property name="eclipse.product" value="org.eclipse.epp.package.jee.product" />
    <property name="java.specification.name" value="Java Platform API Specification" />
    <property name="org.osgi.supports.framework.fragment" value="true" />
    <property name="osgi.framework.useSystemProperties" value="true" />
    <property name="user.timezone" value="" />
    <property name="org.osgi.framework.system.capabilities" value="osgi.ee; osgi.ee=&quot;OSGi/Minimum&quot;; version:List&lt;Version&gt;=&quot;1.0, 1.1, 1.2&quot;,osgi.ee; osgi.ee=&quot;JRE&quot;; version:List&lt;Version&gt;=&quot;1.0, 1.1&quot;,osgi.ee; osgi.ee=&quot;JavaSE&quot;; version:List&lt;Version&gt;=&quot;1.0, 1.1, 1.2, 1.3, 1.4, 1.5, 1.6, 1.7, 1.8&quot;,osgi.ee; osgi.ee=&quot;JavaSE/compact1&quot;; version:List&lt;Version&gt;=&quot;1.8&quot;,osgi.ee; osgi.ee=&quot;JavaSE/compact2&quot;; version:List&lt;Version&gt;=&quot;1.8&quot;,osgi.ee; osgi.ee=&quot;JavaSE/compact3&quot;; version:List&lt;Version&gt;=&quot;1.8&quot;" />
    <property name="osgi.nl" value="en_US" />
    <property name="user.script" value="" />
    <property name="path.separator" value=";" />
    <property name="env.PROCESSOR_IDENTIFIER" value="Intel64 Family 6 Model 42 Stepping 7, GenuineIntel" />
    <property name="file.encoding" value="Cp1252" />
    <property name="osgi.arch" value="x86" />
    <property name="ant.project.default-target" value="build" />
    <property name="sun.java.command" value="org.apache.tools.ant.taskdefs.optional.junit.JUnitTestRunner VerifyRanorexApp filtertrace=true haltOnError=false haltOnFailure=false formatter=org.apache.tools.ant.taskdefs.optional.junit.OutErrSummaryJUnitResultFormatter showoutput=false outputtoformatters=true logfailedtests=true logtestlistenerevents=false formatter=org.apache.tools.ant.taskdefs.optional.junit.XMLJUnitResultFormatter,D:\GitHub\happy\JunitAntDemo\junit\TEST-VerifyRanorexApp.xml crashfile=D:\GitHub\happy\JunitAntDemo\junitvmwatcher1345334863445816387.properties propsfile=D:\GitHub\happy\JunitAntDemo\junit3037835064740363509.properties" />
    <property name="env.NUMBER_OF_PROCESSORS" value="4" />
    <property name="env.APPDATA" value="C:\Users\Sachin13409\AppData\Roaming" />
    <property name="ant.file" value="D:\GitHub\happy\JunitAntDemo\build.xml" />
    <property name="org.osgi.supports.framework.requirebundle" value="true" />
    <property name="osgi.bundles.defaultStartLevel" value="4" />
    <property name="osgi.bundles" value="reference:file:org.eclipse.osgi.compatibility.state_1.0.0.v20140403-1907.jar,reference:file:org.eclipse.equinox.simpleconfigurator_1.1.0.v20131217-1203.jar@1:start" />
    <property name="java.io.tmpdir" value="C:\Users\SACHIN~1\AppData\Local\Temp\" />
    <property name="org.osgi.framework.os.name" value="Windows7" />
    <property name="equinox.use.ds" value="true" />
    <property name="user.language" value="en" />
    <property name="env.SystemDrive" value="C:" />
    <property name="line.separator" value="&#xd;&#xa;" />
    <property name="target" value="1.8" />
    <property name="org.osgi.framework.processor" value="x86" />
    <property name="java.vm.info" value="mixed mode" />
    <property name="source" value="1.8" />
    <property name="osgi.splashLocation" value="D:\eclipse\\plugins\org.eclipse.platform_4.4.0.v20140606-1215\splash.bmp" />
    <property name="env.DEFLOGDIR" value="C:\ProgramData\McAfee\DesktopProtection" />
    <property name="sun.desktop" value="windows" />
    <property name="java.vm.specification.name" value="Java Virtual Machine Specification" />
    <property name="env.PATHEXT" value=".COM;.EXE;.BAT;.CMD;.VBS;.VBE;.JS;.JSE;.WSF;.WSH;.MSC" />
    <property name="env.USERDOMAIN_ROAMINGPROFILE" value="MASTEK" />
    <property name="eclipse.vm" value="C:\Program Files (x86)\Java\jdk1.8.0_60\bin\..\jre\bin\client\jvm.dll" />
    <property name="env.QT_USE_NATIVE_WINDOWS" value="1" />
    <property name="env.LOGONSERVER" value="\\IND-MHP1DC1201" />
    <property name="eclipse.pdebuild.templates" value="/D:/eclipse/plugins/org.eclipse.pde.build_3.9.0.v20140415-2029/templates/" />
    <property name="osgi.configuration.area" value="file:/D:/eclipse/configuration/" />
    <property name="java.awt.printerjob" value="sun.awt.windows.WPrinterJob" />
    <property name="env.LSERVRC" value="C:\ProgramData\HP\Functional testing\License\lservrc" />
    <property name="env.PUBLIC" value="C:\Users\Public" />
    <property name="ant.version" value="Apache Ant(TM) version 1.9.2 compiled on July 8 2013" />
    <property name="env.USERDOMAIN" value="MASTEK" />
    <property name="osgi.ws" value="win32" />
    <property name="env.PROCESSOR_LEVEL" value="6" />
    <property name="org.osgi.supports.framework.extension" value="true" />
    <property name="eclipse.p2.data.area" value="@config.dir/../p2/" />
    <property name="osgi.framework.extensions" value="reference:file:org.eclipse.osgi.compatibility.state_1.0.0.v20140403-1907.jar" />
    <property name="env.windir" value="C:\Windows" />
    <property name="gosh.args" value="--nointeractive" />
    <property name="env.CommonProgramFiles(x86)" value="C:\Program Files (x86)\Common Files" />
    <property name="org.osgi.framework.language" value="en" />
    <property name="os.name" value="Windows 7" />
    <property name="eclipse.home.location" value="file:/D:/eclipse/" />
    <property name="java.specification.vendor" value="Oracle Corporation" />
    <property name="eclipse.vmargs" value="-Dosgi.requiredJavaVersion=1.6&#xa;-Xms40m&#xa;-Xmx512m&#xa;-Dosgi.requiredJavaVersion=1.6&#xa;-Xms40m&#xa;-Xmx512m&#xa;-Dosgi.requiredJavaVersion=1.6&#xa;-Xms40m&#xa;-Xmx512m&#xa;-Dosgi.requiredJavaVersion=1.6&#xa;-Xms40m&#xa;-Xmx512m&#xa;-Dosgi.requiredJavaVersion=1.6&#xa;-Xms40m&#xa;-Xmx512m&#xa;-XX:MaxPermSize=256m&#xa;-Djava.class.path=D:\eclipse\\plugins/org.eclipse.equinox.launcher_1.3.0.v20140415-2008.jar&#xa;" />
    <property name="env.TMP" value="C:\Users\SACHIN~1\AppData\Local\Temp" />
    <property name="java.vm.name" value="Java HotSpot(TM) Client VM" />
    <property name="env.ProgramData" value="C:\ProgramData" />
    <property name="env.OS" value="Windows_NT" />
    <property name="eclipse.buildId" value="4.4.0.I20140606-1215" />
    <property name="java.library.path" value="C:\Program Files (x86)\Java\jdk1.8.0_60\jre\bin;C:\Windows\Sun\Java\bin;C:\Windows\system32;C:\Windows;C:/Program Files (x86)/Java/jdk1.8.0_60/bin/../jre/bin/client;C:/Program Files (x86)/Java/jdk1.8.0_60/bin/../jre/bin;C:/Program Files (x86)/Java/jdk1.8.0_60/bin/../jre/lib/i386;C:\Windows\system32;C:\Windows;C:\Windows\System32\Wbem;C:\Windows\System32\WindowsPowerShell\v1.0\;C:\Program Files (x86)\Java\jdk1.8.0_60\bin;C:\Program Files (x86)\HP\Unified Functional Testing\bin;D:\eclipse;;C:\Program Files (x86)\HP\Unified Functional Testing\\bin;C:\Program Files (x86)\HP\Unified Functional Testing\\bin;C:\Program Files (x86)\HP\Unified Functional Testing\\bin;C:\Program Files (x86)\HP\Unified Functional Testing\\bin;C:\Program Files (x86)\HP\Unified Functional Testing\\bin;." />
    <property name="eclipse.pdebuild.scripts" value="/D:/eclipse/plugins/org.eclipse.pde.build_3.9.0.v20140415-2029/scripts/" />
    <property name="ant.java.version" value="1.8" />
    <property name="eclipse.commands" value="-os&#xa;win32&#xa;-ws&#xa;win32&#xa;-arch&#xa;x86&#xa;-showsplash&#xa;D:\eclipse\\plugins\org.eclipse.platform_4.4.0.v20140606-1215\splash.bmp&#xa;-launcher&#xa;D:\eclipse\eclipse.exe&#xa;-name&#xa;Eclipse&#xa;--launcher.library&#xa;D:\eclipse\\plugins/org.eclipse.equinox.launcher.win32.win32.x86_1.1.200.v20140603-1326\eclipse_1603.dll&#xa;-startup&#xa;D:\eclipse\\plugins/org.eclipse.equinox.launcher_1.3.0.v20140415-2008.jar&#xa;--launcher.appendVmargs&#xa;-product&#xa;org.eclipse.epp.package.jee.product&#xa;-launcher&#xa;D:\eclipse\eclipse.exe&#xa;-product&#xa;org.eclipse.epp.package.jee.product&#xa;-launcher&#xa;D:\eclipse\eclipse.exe&#xa;-product&#xa;org.eclipse.epp.package.jee.product&#xa;-launcher&#xa;D:\eclipse\eclipse.exe&#xa;-product&#xa;org.eclipse.epp.package.jee.product&#xa;-data&#xa;D:\GitHub\happy&#xa;-launcher&#xa;D:\eclipse\eclipse.exe&#xa;-product&#xa;org.eclipse.epp.package.jee.product&#xa;-vm&#xa;C:\Program Files (x86)\Java\jdk1.8.0_60\bin\..\jre\bin\client\jvm.dll&#xa;" />
    <property name="basedir" value="D:\GitHub\happy\JunitAntDemo" />
    <property name="java.class.version" value="52.0" />
    <property name="osgi.syspath" value="d:\eclipse\plugins" />
    <property name="ant.home" value="D:\eclipse\plugins\org.apache.ant_1.9.2.v201404171502" />
    <property name="env.Path" value="C:/Program Files (x86)/Java/jdk1.8.0_60/bin/../jre/bin/client;C:/Program Files (x86)/Java/jdk1.8.0_60/bin/../jre/bin;C:/Program Files (x86)/Java/jdk1.8.0_60/bin/../jre/lib/i386;C:\Windows\system32;C:\Windows;C:\Windows\System32\Wbem;C:\Windows\System32\WindowsPowerShell\v1.0\;C:\Program Files (x86)\Java\jdk1.8.0_60\bin;C:\Program Files (x86)\HP\Unified Functional Testing\bin;D:\eclipse;;C:\Program Files (x86)\HP\Unified Functional Testing\\bin;C:\Program Files (x86)\HP\Unified Functional Testing\\bin;C:\Program Files (x86)\HP\Unified Functional Testing\\bin;C:\Program Files (x86)\HP\Unified Functional Testing\\bin" />
    <property name="org.eclipse.equinox.launcher.splash.location" value="D:\eclipse\\plugins\org.eclipse.platform_4.4.0.v20140606-1215\splash.bmp" />
    <property name="env.HOMEDRIVE" value="C:" />
    <property name="env.IBM_JAVA_OPTIONS" value="-Xrunjvmhook -Xbootclasspath/a:&quot;C:\Program Files (x86)\HP\Unified Functional Testing\bin\java_shared\classes;C:\Program Files (x86)\HP\Unified Functional Testing\bin\java_shared\classes\jasmine.jar&quot;" />
    <property name="osgi.instance.area" value="file:/D:/GitHub/happy/" />
    <property name="osgi.install.area" value="file:/D:/eclipse/" />
    <property name="ant.file.type.JunitAntDemo" value="file" />
    <property name="sun.boot.library.path" value="C:\Program Files (x86)\Java\jdk1.8.0_60\jre\bin" />
    <property name="env.PROCESSOR_REVISION" value="2a07" />
    <property name="env.VSEDEFLOGDIR" value="C:\ProgramData\McAfee\DesktopProtection" />
    <property name="sun.management.compiler" value="HotSpot Client Compiler" />
    <property name="java.awt.graphicsenv" value="sun.awt.Win32GraphicsEnvironment" />
    <property name="user.variant" value="" />
    <property name="eclipse.stateSaveDelayInterval" value="30000" />
    <property name="ant.project.name" value="JunitAntDemo" />
    <property name="java.vm.specification.version" value="1.8" />
    <property name="eclipse.running" value="true" />
    <property name="awt.toolkit" value="sun.awt.windows.WToolkit" />
    <property name="sun.cpu.isalist" value="pentium_pro+mmx pentium_pro pentium+mmx pentium i486 i386 i86" />
    <property name="org.eclipse.update.reconcile" value="false" />
    <property name="java.ext.dirs" value="C:\Program Files (x86)\Java\jdk1.8.0_60\jre\lib\ext;C:\Windows\Sun\Java\lib\ext" />
    <property name="os.version" value="6.1" />
    <property name="eclipse.launcher" value="D:\eclipse\eclipse.exe" />
    <property name="user.home" value="C:\Users\Sachin13409" />
    <property name="java.vm.vendor" value="Oracle Corporation" />
    <property name="env.CommonProgramW6432" value="C:\Program Files\Common Files" />
    <property name="org.apache.commons.logging.Log" value="org.apache.commons.logging.impl.NoOpLog" />
    <property name="env.USERDNSDOMAIN" value="MASTEK.COM" />
    <property name="env.JAVA_HOME" value="C:\Program Files (x86)\Java\jdk1.8.0_60" />
    <property name="env.ProgramW6432" value="C:\Program Files" />
    <property name="junit.output.dir" value="junit" />
    <property name="user.dir" value="D:\eclipse" />
    <property name="osgi.framework.shape" value="jar" />
    <property name="org.osgi.framework.os.version" value="6.1.0" />
    <property name="env.FP_NO_HOST_CHECK" value="NO" />
    <property name="eclipse.home" value="D:\eclipse" />
    <property name="sun.cpu.endian" value="little" />
    <property name="env._JAVA_OPTIONS" value="-Xrunjvmhook -Xbootclasspath/a:&quot;C:\Program Files (x86)\HP\Unified Functional Testing\bin\java_shared\classes&quot;;&quot;C:\Program Files (x86)\HP\Unified Functional Testing\bin\java_shared\classes\jasmine.jar&quot;" />
    <property name="env.ALLUSERSPROFILE" value="C:\ProgramData" />
    <property name="eclipse.startTime" value="1458925417266" />
    <property name="env.PROCESSOR_ARCHITECTURE" value="x86" />
    <property name="java.vm.version" value="25.60-b23" />
    <property name="env.HOMEPATH" value="\Users\Sachin13409" />
    <property name="java.class.path" value="D:\GitHub\happy\JunitAntDemo\bin;D:\GitHub\happy\JunitAntDemo\lib\apache-mime4j-0.6.jar;D:\GitHub\happy\JunitAntDemo\lib\bsh-2.0b4.jar;D:\GitHub\happy\JunitAntDemo\lib\cglib-nodep-2.1_3.jar;D:\GitHub\happy\JunitAntDemo\lib\commons-codec-1.10.jar;D:\GitHub\happy\JunitAntDemo\lib\commons-collections-3.2.1.jar;D:\GitHub\happy\JunitAntDemo\lib\commons-el-1.0.jar;D:\GitHub\happy\JunitAntDemo\lib\commons-exec-1.3.jar;D:\GitHub\happy\JunitAntDemo\lib\commons-io-2.4.jar;D:\GitHub\happy\JunitAntDemo\lib\commons-lang3-3.4.jar;D:\GitHub\happy\JunitAntDemo\lib\commons-logging-1.2.jar;D:\GitHub\happy\JunitAntDemo\lib\cssparser-0.9.16.jar;D:\GitHub\happy\JunitAntDemo\lib\gson-2.3.1.jar;D:\GitHub\happy\JunitAntDemo\lib\guava-18.0.jar;D:\GitHub\happy\JunitAntDemo\lib\hamcrest-core-1.3.jar;D:\GitHub\happy\JunitAntDemo\lib\hamcrest-library-1.3.jar;D:\GitHub\happy\JunitAntDemo\lib\htmlunit-2.18.jar;D:\GitHub\happy\JunitAntDemo\lib\htmlunit-core-js-2.17.jar;D:\GitHub\happy\JunitAntDemo\lib\httpclient-4.5.1.jar;D:\GitHub\happy\JunitAntDemo\lib\httpcore-4.4.3.jar;D:\GitHub\happy\JunitAntDemo\lib\httpmime-4.5.jar;D:\GitHub\happy\JunitAntDemo\lib\jasper-compiler-5.5.15.jar;D:\GitHub\happy\JunitAntDemo\lib\jasper-compiler-jdt-5.5.15.jar;D:\GitHub\happy\JunitAntDemo\lib\jasper-runtime-5.5.15.jar;D:\GitHub\happy\JunitAntDemo\lib\javax.servlet-api-3.1.0.jar;D:\GitHub\happy\JunitAntDemo\lib\jcommander-1.48.jar;D:\GitHub\happy\JunitAntDemo\lib\jetty-continuation-9.2.13.v20150730.jar;D:\GitHub\happy\JunitAntDemo\lib\jetty-http-9.2.13.v20150730.jar;D:\GitHub\happy\JunitAntDemo\lib\jetty-io-9.2.13.v20150730.jar;D:\GitHub\happy\JunitAntDemo\lib\jetty-jmx-9.2.13.v20150730.jar;D:\GitHub\happy\JunitAntDemo\lib\jetty-security-9.2.13.v20150730.jar;D:\GitHub\happy\JunitAntDemo\lib\jetty-server-9.2.13.v20150730.jar;D:\GitHub\happy\JunitAntDemo\lib\jetty-servlet-9.2.13.v20150730.jar;D:\GitHub\happy\JunitAntDemo\lib\jetty-servlets-9.2.13.v20150730.jar;D:\GitHub\happy\JunitAntDemo\lib\jetty-util-9.2.13.v20150730.jar;D:\GitHub\happy\JunitAntDemo\lib\jna-4.1.0.jar;D:\GitHub\happy\JunitAntDemo\lib\jna-platform-4.1.0.jar;D:\GitHub\happy\JunitAntDemo\lib\jsp-api-2.0.jar;D:\GitHub\happy\JunitAntDemo\lib\nekohtml-1.9.22.jar;D:\GitHub\happy\JunitAntDemo\lib\netty-3.5.7.Final.jar;D:\GitHub\happy\JunitAntDemo\lib\phantomjsdriver-1.2.1.jar;D:\GitHub\happy\JunitAntDemo\lib\sac-1.3.jar;D:\GitHub\happy\JunitAntDemo\lib\selenium-java-2.48.2-srcs.jar;D:\GitHub\happy\JunitAntDemo\lib\selenium-java-2.48.2.jar;D:\GitHub\happy\JunitAntDemo\lib\selenium-safari-driver-2.44.0.jar;D:\GitHub\happy\JunitAntDemo\lib\serializer-2.7.2.jar;D:\GitHub\happy\JunitAntDemo\lib\websocket-api-9.2.13.v20150730.jar;D:\GitHub\happy\JunitAntDemo\lib\websocket-client-9.2.13.v20150730.jar;D:\GitHub\happy\JunitAntDemo\lib\websocket-common-9.2.13.v20150730.jar;D:\GitHub\happy\JunitAntDemo\lib\xalan-2.7.2.jar;D:\GitHub\happy\JunitAntDemo\lib\xercesImpl-2.11.0.jar;D:\GitHub\happy\JunitAntDemo\lib\xml-apis-1.4.01.jar;D:\GitHub\happy\JunitAntDemo\lib\junit-4.12.jar;D:\eclipse\plugins\org.apache.ant_1.9.2.v201404171502\lib\ant-launcher.jar;D:\eclipse\plugins\org.apache.ant_1.9.2.v201404171502\lib\ant.jar;D:\eclipse\plugins\org.apache.ant_1.9.2.v201404171502\lib\ant-junit.jar;D:\eclipse\plugins\org.apache.ant_1.9.2.v201404171502\lib\ant-junit4.jar" />
    <property name="env.=::" value="::\" />
    <property name="env.UATDATA" value="C:\WINDOWS\SCCM\UATData\D9F8C395-CAB8-491d-B8AC-179A1FE1BE77" />
    <property name="ant.library.dir" value="D:\eclipse\plugins\org.apache.ant_1.9.2.v201404171502\lib" />
    <property name="os.arch" value="x86" />
    <property name="eclipse.p2.profile" value="epp.package.jee" />
    <property name="env.SESSIONNAME" value="Console" />
    <property name="sun.java.launcher" value="SUN_STANDARD" />
    <property name="org.eclipse.m2e.log.dir" value="D:\GitHub\happy\.metadata\.plugins\org.eclipse.m2e.logback.configuration" />
    <property name="org.osgi.framework.vendor" value="Eclipse" />
    <property name="env.CommonProgramFiles" value="C:\Program Files (x86)\Common Files" />
    <property name="env.ProgramFiles" value="C:\Program Files (x86)" />
    <property name="ant.core.lib" value="D:\eclipse\plugins\org.apache.ant_1.9.2.v201404171502\lib\ant.jar" />
    <property name="osgi.tracefile" value="D:\GitHub\happy\.metadata\trace.log" />
    <property name="java.vm.specification.vendor" value="Oracle Corporation" />
    <property name="file.separator" value="\" />
    <property name="java.runtime.version" value="1.8.0_60-b27" />
    <property name="sun.boot.class.path" value="C:\Program Files (x86)\Java\jdk1.8.0_60\jre\lib\resources.jar;C:\Program Files (x86)\Java\jdk1.8.0_60\jre\lib\rt.jar;C:\Program Files (x86)\Java\jdk1.8.0_60\jre\lib\sunrsasign.jar;C:\Program Files (x86)\Java\jdk1.8.0_60\jre\lib\jsse.jar;C:\Program Files (x86)\Java\jdk1.8.0_60\jre\lib\jce.jar;C:\Program Files (x86)\Java\jdk1.8.0_60\jre\lib\charsets.jar;C:\Program Files (x86)\Java\jdk1.8.0_60\jre\lib\jfr.jar;C:\Program Files (x86)\Java\jdk1.8.0_60\jre\classes;C:\Program Files (x86)\HP\Unified Functional Testing\bin\java_shared\classes;C:\Program Files (x86)\HP\Unified Functional Testing\bin\java_shared\classes\jasmine.jar" />
    <property name="env.ComSpec" value="C:\Windows\system32\cmd.exe" />
    <property name="env.TEMP" value="C:\Users\SACHIN~1\AppData\Local\Temp" />
    <property name="osgi.frameworkClassPath" value="., file:d:/eclipse/plugins/org.eclipse.osgi.compatibility.state_1.0.0.v20140403-1907.jar" />
    <property name="user.country" value="US" />
    <property name="osgi.logfile" value="D:\GitHub\happy\.metadata\.log" />
    <property name="env.MSJAVA_ENABLE_MONITORS" value="1" />
    <property name="java.vendor" value="Oracle Corporation" />
    <property name="env.PSModulePath" value="C:\Windows\system32\WindowsPowerShell\v1.0\Modules\" />
    <property name="java.specification.version" value="1.8" />
    <property name="sun.arch.data.model" value="32" />
  </properties>
  <testcase classname="VerifyRanorexApp" name="verifyAddRanorexUserNegative" time="2.532" />
  <testcase classname="VerifyRanorexApp" name="verifyAddRanorexUser" time="2.564" />
  <system-out><![CDATA[]]></system-out>
  <system-err><![CDATA[]]></system-err>
</testsuite>
