<?xml version="1.0" encoding="UTF-8" ?>
<testsuite errors="0" failures="0" hostname="IND-MHP1LW72004" name="VerifyRanorexApp" tests="2" time="15.064" timestamp="2016-03-23T10:44:33">
  <properties>
    <property name="file.encoding.pkg" value="sun.io" />
    <property name="env.PROMPT" value="$P$G" />
    <property name="ant.file.JunitAntDemo" value="D:\Workspace_Jenkins\JunitAntDemo\build.xml" />
    <property name="env.=D:" value="D:\Workspace_Jenkins\JunitAntDemo" />
    <property name="java.home" value="C:\Program Files (x86)\Java\jdk1.8.0_60\jre" />
    <property name="env.PROCESSOR_ARCHITEW6432" value="AMD64" />
    <property name="env._classload_hook" value="jvmhook" />
    <property name="java.endorsed.dirs" value="C:\Program Files (x86)\Java\jdk1.8.0_60\jre\lib\endorsed" />
    <property name="env.USERNAME" value="Sachin13409" />
    <property name="debuglevel" value="source,lines,vars" />
    <property name="env.HUDSON_HOME" value="C:\Users\Sachin13409\.jenkins" />
    <property name="ECLIPSE_HOME" value="../../eclipse/" />
    <property name="sun.os.patch.level" value="Service Pack 1" />
    <property name="java.vendor.url" value="http://java.oracle.com/" />
    <property name="env.COMPUTERNAME" value="IND-MHP1LW72004" />
    <property name="env.ProgramFiles(x86)" value="C:\Program Files (x86)" />
    <property name="env.NODE_NAME" value="master" />
    <property name="java.version" value="1.8.0_60" />
    <property name="env.ST_INSTALL_PATH" value="C:\Program Files (x86)\HP\Unified Functional Testing\" />
    <property name="env.NODE_LABELS" value="master" />
    <property name="env.JENKINS_SERVER_COOKIE" value="1abac3730bb0715d" />
    <property name="java.vendor.url.bug" value="http://bugreport.sun.com/bugreport/" />
    <property name="env.USERPROFILE" value="C:\Users\Sachin13409" />
    <property name="ant.project.invoked-targets" value="clean,build,VerifyRanorexApp" />
    <property name="env.SystemRoot" value="C:\Windows" />
    <property name="user.name" value="Sachin13409" />
    <property name="sun.io.unicode.encoding" value="UnicodeLittle" />
    <property name="sun.jnu.encoding" value="Cp1252" />
    <property name="java.runtime.name" value="Java(TM) SE Runtime Environment" />
    <property name="env.LOCALAPPDATA" value="C:\Users\Sachin13409\AppData\Local" />
    <property name="env.JAVA_TOOL_OPTIONS" value="-agentlib:jvmhook" />
    <property name="java.specification.name" value="Java Platform API Specification" />
    <property name="user.timezone" value="" />
    <property name="user.script" value="" />
    <property name="path.separator" value=";" />
    <property name="env.PROCESSOR_IDENTIFIER" value="Intel64 Family 6 Model 42 Stepping 7, GenuineIntel" />
    <property name="env._JAVACMD" value="C:\Program Files (x86)\Java\jdk1.8.0_60\bin\java.exe" />
    <property name="file.encoding" value="Cp1252" />
    <property name="ant.project.default-target" value="build" />
    <property name="sun.java.command" value="org.apache.tools.ant.taskdefs.optional.junit.JUnitTestRunner VerifyRanorexApp filtertrace=true haltOnError=false haltOnFailure=false formatter=org.apache.tools.ant.taskdefs.optional.junit.OutErrSummaryJUnitResultFormatter showoutput=false outputtoformatters=true logfailedtests=true logtestlistenerevents=false formatter=org.apache.tools.ant.taskdefs.optional.junit.XMLJUnitResultFormatter,D:\Workspace_Jenkins\JunitAntDemo\junit\TEST-VerifyRanorexApp.xml crashfile=D:\Workspace_Jenkins\JunitAntDemo\junitvmwatcher7959496740580250803.properties propsfile=D:\Workspace_Jenkins\JunitAntDemo\junit9188699333428249942.properties" />
    <property name="env.NUMBER_OF_PROCESSORS" value="4" />
    <property name="env.APPDATA" value="C:\Users\Sachin13409\AppData\Roaming" />
    <property name="ant.file" value="D:\Workspace_Jenkins\JunitAntDemo\build.xml" />
    <property name="env.BUILD_TAG" value="jenkins-JunitAntDemo-32" />
    <property name="java.io.tmpdir" value="C:\Users\SACHIN~1\AppData\Local\Temp\" />
    <property name="user.language" value="en" />
    <property name="env.SystemDrive" value="C:" />
    <property name="line.separator" value="&#xd;&#xa;" />
    <property name="target" value="1.8" />
    <property name="ant.file.type" value="file" />
    <property name="env.JOB_NAME" value="JunitAntDemo" />
    <property name="java.vm.info" value="mixed mode" />
    <property name="source" value="1.8" />
    <property name="env.BUILD_DISPLAY_NAME" value="#32" />
    <property name="env.DEFLOGDIR" value="C:\ProgramData\McAfee\DesktopProtection" />
    <property name="sun.desktop" value="windows" />
    <property name="java.vm.specification.name" value="Java Virtual Machine Specification" />
    <property name="env.BUILD_URL" value="http://IND-MHP1LW72004:8080/job/JunitAntDemo/32/" />
    <property name="env.PATHEXT" value=".COM;.EXE;.BAT;.CMD;.VBS;.VBE;.JS;.JSE;.WSF;.WSH;.MSC" />
    <property name="env.USERDOMAIN_ROAMINGPROFILE" value="MASTEK" />
    <property name="env.QT_USE_NATIVE_WINDOWS" value="1" />
    <property name="env.LOGONSERVER" value="\\IND-MHP1DC001" />
    <property name="java.awt.printerjob" value="sun.awt.windows.WPrinterJob" />
    <property name="env.LSERVRC" value="C:\ProgramData\HP\Functional testing\License\lservrc" />
    <property name="env.HUDSON_SERVER_COOKIE" value="1abac3730bb0715d" />
    <property name="env.PUBLIC" value="C:\Users\Public" />
    <property name="ant.version" value="Apache Ant(TM) version 1.8.2 compiled on December 20 2010" />
    <property name="env.USERDOMAIN" value="MASTEK" />
    <property name="env.PROCESSOR_LEVEL" value="6" />
    <property name="env.windir" value="C:\Windows" />
    <property name="env.BUILD_NUMBER" value="32" />
    <property name="env.CommonProgramFiles(x86)" value="C:\Program Files (x86)\Common Files" />
    <property name="os.name" value="Windows 7" />
    <property name="java.specification.vendor" value="Oracle Corporation" />
    <property name="env.TMP" value="C:\Users\SACHIN~1\AppData\Local\Temp" />
    <property name="java.vm.name" value="Java HotSpot(TM) Client VM" />
    <property name="env.ProgramData" value="C:\ProgramData" />
    <property name="env.JOB_URL" value="http://IND-MHP1LW72004:8080/job/JunitAntDemo/" />
    <property name="env.OS" value="Windows_NT" />
    <property name="java.library.path" value="C:\Program Files (x86)\Java\jdk1.8.0_60\jre\bin;C:\Windows\Sun\Java\bin;C:\Windows\system32;C:\Windows;C:\Windows\system32;C:\Windows;C:\Windows\System32\Wbem;C:\Windows\System32\WindowsPowerShell\v1.0\;C:\Program Files (x86)\Java\jdk1.8.0_60\bin;C:\Program Files (x86)\HP\Unified Functional Testing\bin;." />
    <property name="env.HUDSON_URL" value="http://IND-MHP1LW72004:8080/" />
    <property name="ant.java.version" value="1.7" />
    <property name="env.JENKINS_URL" value="http://IND-MHP1LW72004:8080/" />
    <property name="basedir" value="D:\Workspace_Jenkins\JunitAntDemo" />
    <property name="java.class.version" value="52.0" />
    <property name="ant.home" value="D:\apache-ant-1.8.2" />
    <property name="env.Path" value="C:\Windows\system32;C:\Windows;C:\Windows\System32\Wbem;C:\Windows\System32\WindowsPowerShell\v1.0\;C:\Program Files (x86)\Java\jdk1.8.0_60\bin;C:\Program Files (x86)\HP\Unified Functional Testing\bin" />
    <property name="env.JENKINS_HOME" value="C:\Users\Sachin13409\.jenkins" />
    <property name="env.HOMEDRIVE" value="Y:" />
    <property name="env.IBM_JAVA_OPTIONS" value="-Xrunjvmhook -Xbootclasspath/a:&quot;C:\Program Files (x86)\HP\Unified Functional Testing\bin\java_shared\classes;C:\Program Files (x86)\HP\Unified Functional Testing\bin\java_shared\classes\jasmine.jar&quot;" />
    <property name="env.HOMESHARE" value="\\FSMHP.MASTEK.COM\HomeFolder\Sachin13409" />
    <property name="ant.file.type.JunitAntDemo" value="file" />
    <property name="sun.boot.library.path" value="C:\Program Files (x86)\Java\jdk1.8.0_60\jre\bin" />
    <property name="env.PROCESSOR_REVISION" value="2a07" />
    <property name="env.VSEDEFLOGDIR" value="C:\ProgramData\McAfee\DesktopProtection" />
    <property name="sun.management.compiler" value="HotSpot Client Compiler" />
    <property name="java.awt.graphicsenv" value="sun.awt.Win32GraphicsEnvironment" />
    <property name="user.variant" value="" />
    <property name="ant.project.name" value="JunitAntDemo" />
    <property name="java.vm.specification.version" value="1.8" />
    <property name="awt.toolkit" value="sun.awt.windows.WToolkit" />
    <property name="sun.cpu.isalist" value="pentium_pro+mmx pentium_pro pentium+mmx pentium i486 i386 i86" />
    <property name="java.ext.dirs" value="C:\Program Files (x86)\Java\jdk1.8.0_60\jre\lib\ext;C:\Windows\Sun\Java\lib\ext" />
    <property name="os.version" value="6.1" />
    <property name="user.home" value="C:\Users\Sachin13409" />
    <property name="java.vm.vendor" value="Oracle Corporation" />
    <property name="env.CommonProgramW6432" value="C:\Program Files\Common Files" />
    <property name="env.USERDNSDOMAIN" value="MASTEK.COM" />
    <property name="env.JAVA_HOME" value="C:\Program Files (x86)\Java\jdk1.8.0_60" />
    <property name="env.ProgramW6432" value="C:\Program Files" />
    <property name="junit.output.dir" value="junit" />
    <property name="user.dir" value="D:\Workspace_Jenkins\JunitAntDemo" />
    <property name="env.FP_NO_HOST_CHECK" value="NO" />
    <property name="sun.cpu.endian" value="little" />
    <property name="env._USE_CLASSPATH" value="no" />
    <property name="env._JAVA_OPTIONS" value="-Xrunjvmhook -Xbootclasspath/a:&quot;C:\Program Files (x86)\HP\Unified Functional Testing\bin\java_shared\classes&quot;;&quot;C:\Program Files (x86)\HP\Unified Functional Testing\bin\java_shared\classes\jasmine.jar&quot;" />
    <property name="env.ALLUSERSPROFILE" value="C:\ProgramData" />
    <property name="env.PROCESSOR_ARCHITECTURE" value="x86" />
    <property name="java.vm.version" value="25.60-b23" />
    <property name="java.class.path" value="D:\Workspace_Jenkins\JunitAntDemo\bin;D:\Workspace_Jenkins\JunitAntDemo\lib\apache-mime4j-0.6.jar;D:\Workspace_Jenkins\JunitAntDemo\lib\bsh-2.0b4.jar;D:\Workspace_Jenkins\JunitAntDemo\lib\cglib-nodep-2.1_3.jar;D:\Workspace_Jenkins\JunitAntDemo\lib\commons-codec-1.10.jar;D:\Workspace_Jenkins\JunitAntDemo\lib\commons-collections-3.2.1.jar;D:\Workspace_Jenkins\JunitAntDemo\lib\commons-el-1.0.jar;D:\Workspace_Jenkins\JunitAntDemo\lib\commons-exec-1.3.jar;D:\Workspace_Jenkins\JunitAntDemo\lib\commons-io-2.4.jar;D:\Workspace_Jenkins\JunitAntDemo\lib\commons-lang3-3.4.jar;D:\Workspace_Jenkins\JunitAntDemo\lib\commons-logging-1.2.jar;D:\Workspace_Jenkins\JunitAntDemo\lib\cssparser-0.9.16.jar;D:\Workspace_Jenkins\JunitAntDemo\lib\gson-2.3.1.jar;D:\Workspace_Jenkins\JunitAntDemo\lib\guava-18.0.jar;D:\Workspace_Jenkins\JunitAntDemo\lib\hamcrest-core-1.3.jar;D:\Workspace_Jenkins\JunitAntDemo\lib\hamcrest-library-1.3.jar;D:\Workspace_Jenkins\JunitAntDemo\lib\htmlunit-2.18.jar;D:\Workspace_Jenkins\JunitAntDemo\lib\htmlunit-core-js-2.17.jar;D:\Workspace_Jenkins\JunitAntDemo\lib\httpclient-4.5.1.jar;D:\Workspace_Jenkins\JunitAntDemo\lib\httpcore-4.4.3.jar;D:\Workspace_Jenkins\JunitAntDemo\lib\httpmime-4.5.jar;D:\Workspace_Jenkins\JunitAntDemo\lib\jasper-compiler-5.5.15.jar;D:\Workspace_Jenkins\JunitAntDemo\lib\jasper-compiler-jdt-5.5.15.jar;D:\Workspace_Jenkins\JunitAntDemo\lib\jasper-runtime-5.5.15.jar;D:\Workspace_Jenkins\JunitAntDemo\lib\javax.servlet-api-3.1.0.jar;D:\Workspace_Jenkins\JunitAntDemo\lib\jcommander-1.48.jar;D:\Workspace_Jenkins\JunitAntDemo\lib\jetty-continuation-9.2.13.v20150730.jar;D:\Workspace_Jenkins\JunitAntDemo\lib\jetty-http-9.2.13.v20150730.jar;D:\Workspace_Jenkins\JunitAntDemo\lib\jetty-io-9.2.13.v20150730.jar;D:\Workspace_Jenkins\JunitAntDemo\lib\jetty-jmx-9.2.13.v20150730.jar;D:\Workspace_Jenkins\JunitAntDemo\lib\jetty-security-9.2.13.v20150730.jar;D:\Workspace_Jenkins\JunitAntDemo\lib\jetty-server-9.2.13.v20150730.jar;D:\Workspace_Jenkins\JunitAntDemo\lib\jetty-servlet-9.2.13.v20150730.jar;D:\Workspace_Jenkins\JunitAntDemo\lib\jetty-servlets-9.2.13.v20150730.jar;D:\Workspace_Jenkins\JunitAntDemo\lib\jetty-util-9.2.13.v20150730.jar;D:\Workspace_Jenkins\JunitAntDemo\lib\jna-4.1.0.jar;D:\Workspace_Jenkins\JunitAntDemo\lib\jna-platform-4.1.0.jar;D:\Workspace_Jenkins\JunitAntDemo\lib\jsp-api-2.0.jar;D:\Workspace_Jenkins\JunitAntDemo\lib\nekohtml-1.9.22.jar;D:\Workspace_Jenkins\JunitAntDemo\lib\netty-3.5.7.Final.jar;D:\Workspace_Jenkins\JunitAntDemo\lib\phantomjsdriver-1.2.1.jar;D:\Workspace_Jenkins\JunitAntDemo\lib\sac-1.3.jar;D:\Workspace_Jenkins\JunitAntDemo\lib\selenium-java-2.48.2-srcs.jar;D:\Workspace_Jenkins\JunitAntDemo\lib\selenium-java-2.48.2.jar;D:\Workspace_Jenkins\JunitAntDemo\lib\selenium-safari-driver-2.44.0.jar;D:\Workspace_Jenkins\JunitAntDemo\lib\serializer-2.7.2.jar;D:\Workspace_Jenkins\JunitAntDemo\lib\websocket-api-9.2.13.v20150730.jar;D:\Workspace_Jenkins\JunitAntDemo\lib\websocket-client-9.2.13.v20150730.jar;D:\Workspace_Jenkins\JunitAntDemo\lib\websocket-common-9.2.13.v20150730.jar;D:\Workspace_Jenkins\JunitAntDemo\lib\xalan-2.7.2.jar;D:\Workspace_Jenkins\JunitAntDemo\lib\xercesImpl-2.11.0.jar;D:\Workspace_Jenkins\JunitAntDemo\lib\xml-apis-1.4.01.jar;D:\eclipse\plugins\org.junit_4.11.0.v201303080030\junit.jar;D:\eclipse\plugins\org.hamcrest.core_1.3.0.v201303031735.jar;D:\apache-ant-1.8.2\lib\ant-launcher.jar;D:\apache-ant-1.8.2\lib\ant.jar;D:\apache-ant-1.8.2\lib\ant-junit.jar;D:\apache-ant-1.8.2\lib\ant-junit4.jar" />
    <property name="env.HOMEPATH" value="\" />
    <property name="env.UATDATA" value="C:\WINDOWS\SCCM\UATData\D9F8C395-CAB8-491d-B8AC-179A1FE1BE77" />
    <property name="ant.library.dir" value="D:\apache-ant-1.8.2\lib" />
    <property name="os.arch" value="x86" />
    <property name="env.SESSIONNAME" value="Console" />
    <property name="sun.java.launcher" value="SUN_STANDARD" />
    <property name="env.CommonProgramFiles" value="C:\Program Files (x86)\Common Files" />
    <property name="env.BUILD_ID" value="32" />
    <property name="ant.core.lib" value="D:\apache-ant-1.8.2\lib\ant.jar" />
    <property name="env.ProgramFiles" value="C:\Program Files (x86)" />
    <property name="java.vm.specification.vendor" value="Oracle Corporation" />
    <property name="file.separator" value="\" />
    <property name="env.ANT_CMD_LINE_ARGS" value=" -file build.xml clean build VerifyRanorexApp" />
    <property name="java.runtime.version" value="1.8.0_60-b27" />
    <property name="sun.boot.class.path" value="C:\Program Files (x86)\Java\jdk1.8.0_60\jre\lib\resources.jar;C:\Program Files (x86)\Java\jdk1.8.0_60\jre\lib\rt.jar;C:\Program Files (x86)\Java\jdk1.8.0_60\jre\lib\sunrsasign.jar;C:\Program Files (x86)\Java\jdk1.8.0_60\jre\lib\jsse.jar;C:\Program Files (x86)\Java\jdk1.8.0_60\jre\lib\jce.jar;C:\Program Files (x86)\Java\jdk1.8.0_60\jre\lib\charsets.jar;C:\Program Files (x86)\Java\jdk1.8.0_60\jre\lib\jfr.jar;C:\Program Files (x86)\Java\jdk1.8.0_60\jre\classes;C:\Program Files (x86)\HP\Unified Functional Testing\bin\java_shared\classes;C:\Program Files (x86)\HP\Unified Functional Testing\bin\java_shared\classes\jasmine.jar" />
    <property name="env.ComSpec" value="C:\Windows\system32\cmd.exe" />
    <property name="env.WORKSPACE" value="D:/Workspace_Jenkins" />
    <property name="env.TEMP" value="C:\Users\SACHIN~1\AppData\Local\Temp" />
    <property name="env.ANT_HOME" value="D:\apache-ant-1.8.2" />
    <property name="user.country" value="US" />
    <property name="env.EXECUTOR_NUMBER" value="1" />
    <property name="env.MSJAVA_ENABLE_MONITORS" value="1" />
    <property name="java.vendor" value="Oracle Corporation" />
    <property name="env.PSModulePath" value="C:\Windows\system32\WindowsPowerShell\v1.0\Modules\" />
    <property name="env.HUDSON_COOKIE" value="43c7fd1f-981c-4114-b0b0-8004acf0451c" />
    <property name="java.specification.version" value="1.8" />
    <property name="sun.arch.data.model" value="32" />
  </properties>
  <testcase classname="VerifyRanorexApp" name="verifyAddRanorexUserNegative" time="2.452" />
  <testcase classname="VerifyRanorexApp" name="verifyAddRanorexUser" time="2.387" />
  <system-out><![CDATA[]]></system-out>
  <system-err><![CDATA[]]></system-err>
</testsuite>
